::1 - - [19/Oct/2018:20:15:30 +0200] "GET /phpmyadmin/ HTTP/1.1" 200 7997
::1 - - [19/Oct/2018:20:15:31 +0200] "GET /phpmyadmin/js/get_scripts.js.php?scripts[]=jquery/jquery-1.8.3.js&scripts[]=ajax.js&scripts[]=keyhandler.js&scripts[]=jquery/jquery-ui-1.9.2.custom.js&scripts[]=jquery/jquery.sprintf.js&scripts[]=jquery/jquery.cookie.js&scripts[]=jquery/jquery.mousewheel.js&scripts[]=jquery/jquery.event.drag-2.2.js&scripts[]=jquery/jquery-ui-timepicker-addon.js&scripts[]=jquery/jquery.ba-hashchange-1.3.js&scripts[]=jquery/jquery.debounce-1.0.5.js&scripts[]=jquery/jquery.menuResizer-1.0.js&scripts[]=rte.js&scripts[]=functions.js&scripts[]=navigation.js&scripts[]=indexes.js&scripts[]=common.js&scripts[]=codemirror/lib/codemirror.js&scripts[]=codemirror/mode/mysql/mysql.js HTTP/1.1" 200 578562
::1 - - [19/Oct/2018:20:15:31 +0200] "GET /phpmyadmin/phpmyadmin.css.php?server=1&token=d377f479a27800b27b63fb52c3ffd0ef&nocache=4125195912ltr HTTP/1.1" 200 88608
::1 - - [19/Oct/2018:20:15:31 +0200] "GET /phpmyadmin/js/messages.php?lang=es&db=&server=0&token=b0f084841dad74d26780025e951ec886 HTTP/1.1" 200 18333
::1 - - [19/Oct/2018:20:15:31 +0200] "GET /phpmyadmin/js/get_image.js.php?theme=pmahomme HTTP/1.1" 200 6263
::1 - - [19/Oct/2018:20:15:35 +0200] "POST /phpmyadmin/index.php HTTP/1.1" 302 -
::1 - - [19/Oct/2018:20:15:35 +0200] "GET /phpmyadmin/index.php?token=d377f479a27800b27b63fb52c3ffd0ef HTTP/1.1" 200 50594
::1 - - [19/Oct/2018:20:15:35 +0200] "GET /phpmyadmin/phpmyadmin.css.php?server=1&token=d377f479a27800b27b63fb52c3ffd0ef&nocache=5665168847ltr HTTP/1.1" 200 88608
::1 - - [19/Oct/2018:20:15:35 +0200] "GET /phpmyadmin/js/messages.php?lang=es&db=&server=0&token=d377f479a27800b27b63fb52c3ffd0ef HTTP/1.1" 200 18333
::1 - - [19/Oct/2018:20:15:35 +0200] "GET /phpmyadmin/version_check.php?&_nocache=153997293566784681 HTTP/1.1" 200 39
::1 - - [19/Oct/2018:20:15:37 +0200] "GET /phpmyadmin/db_structure.php?server=1&db=cinesfinalv1&token=d377f479a27800b27b63fb52c3ffd0ef&ajax_request=true&ajax_page_request=true&menuHashes=13c57bc7&_nocache=1539972937781352005 HTTP/1.1" 200 21631
::1 - - [19/Oct/2018:20:15:37 +0200] "GET /phpmyadmin/js/get_scripts.js.php?scripts[]=db_structure.js&scripts[]=tbl_change.js HTTP/1.1" 200 12382
::1 - - [19/Oct/2018:20:15:41 +0200] "GET /phpmyadmin/sql.php?db=cinesfinalv1&token=d377f479a27800b27b63fb52c3ffd0ef&goto=db_structure.php&table=pelicula&pos=0&ajax_request=true&ajax_page_request=true&menuHashes=13c57bc7-451e2870&_nocache=1539972941163449926 HTTP/1.1" 200 36311
::1 - - [19/Oct/2018:20:15:41 +0200] "GET /phpmyadmin/js/get_scripts.js.php?scripts[]=tbl_structure.js&scripts[]=gis_data_editor.js&scripts[]=makegrid.js&scripts[]=sql.js HTTP/1.1" 200 50287
::1 - - [19/Oct/2018:20:15:41 +0200] "GET /phpmyadmin/index.php?ajax_request=1&recent_table=1&token=d377f479a27800b27b63fb52c3ffd0ef HTTP/1.1" 200 227
::1 - - [19/Oct/2018:20:16:00 +0200] "POST /phpmyadmin/tbl_row_action.php HTTP/1.1" 200 16202
::1 - - [19/Oct/2018:20:16:00 +0200] "GET /phpmyadmin/js/messages.php?lang=es&db=cinesfinalv1&server=0&token=d377f479a27800b27b63fb52c3ffd0ef HTTP/1.1" 200 18333
::1 - - [19/Oct/2018:20:16:00 +0200] "GET /phpmyadmin/index.php?ajax_request=1&recent_table=1&token=d377f479a27800b27b63fb52c3ffd0ef HTTP/1.1" 200 227
::1 - - [19/Oct/2018:20:16:10 +0200] "POST /phpmyadmin/tbl_row_action.php HTTP/1.1" 302 10560
::1 - - [19/Oct/2018:20:16:10 +0200] "GET /phpmyadmin/tbl_structure.php?db=cinesfinalv1&table=pelicula&token=d377f479a27800b27b63fb52c3ffd0ef&sql_query=SELECT+%2A+FROM+%60pelicula%60&message=%3Cimg+src%3D%22themes%2Fdot.gif%22+title%3D%22%22+alt%3D%22%22+class%3D%22icon+ic_s_success%22+%2F%3E+MySQL+ha+devuelto+un+conjunto+de+valores+vac%C3%ADo+%28es+decir%3A+cero+columnas%29.+%28La+consulta+tard%C3%B3+0.0003+seg%29 HTTP/1.1" 200 62113
::1 - - [19/Oct/2018:20:16:19 +0200] "POST /phpmyadmin/tbl_row_action.php HTTP/1.1" 302 10560
::1 - - [19/Oct/2018:20:16:19 +0200] "GET /phpmyadmin/tbl_structure.php?db=cinesfinalv1&table=pelicula&token=d377f479a27800b27b63fb52c3ffd0ef&sql_query=SELECT+%2A+FROM+%60pelicula%60&message=%3Cimg+src%3D%22themes%2Fdot.gif%22+title%3D%22%22+alt%3D%22%22+class%3D%22icon+ic_s_success%22+%2F%3E+MySQL+ha+devuelto+un+conjunto+de+valores+vac%C3%ADo+%28es+decir%3A+cero+columnas%29.+%28La+consulta+tard%C3%B3+0.0002+seg%29 HTTP/1.1" 200 62113
::1 - - [19/Oct/2018:20:16:46 +0200] "GET /phpmyadmin/db_structure.php?db=cinesfinalv1&token=d377f479a27800b27b63fb52c3ffd0ef&ajax_request=true&ajax_page_request=true&_nocache=1539973006299533015 HTTP/1.1" 200 21632
::1 - - [19/Oct/2018:20:16:50 +0200] "GET /phpmyadmin/sql.php?db=cinesfinalv1&token=d377f479a27800b27b63fb52c3ffd0ef&goto=db_structure.php&table=pelicula&pos=0&ajax_request=true&ajax_page_request=true&menuHashes=451e2870&_nocache=1539973010875248022 HTTP/1.1" 200 10550
::1 - - [19/Oct/2018:20:16:51 +0200] "GET /phpmyadmin/js/get_scripts.js.php?scripts[]=tbl_structure.js&scripts[]=gis_data_editor.js HTTP/1.1" 200 15188
::1 - - [19/Oct/2018:20:16:51 +0200] "GET /phpmyadmin/index.php?ajax_request=1&recent_table=1&token=d377f479a27800b27b63fb52c3ffd0ef HTTP/1.1" 200 227
::1 - - [19/Oct/2018:20:16:55 +0200] "GET /phpmyadmin/db_structure.php?db=cinesfinalv1&token=d377f479a27800b27b63fb52c3ffd0ef&ajax_request=true&ajax_page_request=true&menuHashes=451e2870-ca84142e&_nocache=1539973015290868295 HTTP/1.1" 200 18402
::1 - - [19/Oct/2018:20:16:56 +0200] "GET /phpmyadmin/sql.php?db=cinesfinalv1&token=d377f479a27800b27b63fb52c3ffd0ef&goto=db_structure.php&table=empleado&pos=0&ajax_request=true&ajax_page_request=true&menuHashes=451e2870-ca84142e&_nocache=153997301670617302 HTTP/1.1" 200 33478
::1 - - [19/Oct/2018:20:16:56 +0200] "GET /phpmyadmin/js/get_scripts.js.php?scripts[]=makegrid.js&scripts[]=sql.js HTTP/1.1" 200 35099
::1 - - [19/Oct/2018:20:16:56 +0200] "GET /phpmyadmin/index.php?ajax_request=1&recent_table=1&token=d377f479a27800b27b63fb52c3ffd0ef HTTP/1.1" 200 361
::1 - - [19/Oct/2018:20:17:01 +0200] "GET /phpmyadmin/db_structure.php?db=cinesfinalv1&token=d377f479a27800b27b63fb52c3ffd0ef&ajax_request=true&ajax_page_request=true&menuHashes=451e2870-ca84142e-7dd8a397&_nocache=153997302193171469 HTTP/1.1" 200 18402
::1 - - [19/Oct/2018:20:17:03 +0200] "GET /phpmyadmin/sql.php?db=cinesfinalv1&token=d377f479a27800b27b63fb52c3ffd0ef&goto=db_structure.php&table=pelicula&pos=0&ajax_request=true&ajax_page_request=true&menuHashes=451e2870-ca84142e-7dd8a397&_nocache=1539973023945706320 HTTP/1.1" 200 7404
::1 - - [19/Oct/2018:20:17:04 +0200] "GET /phpmyadmin/index.php?ajax_request=1&recent_table=1&token=d377f479a27800b27b63fb52c3ffd0ef HTTP/1.1" 200 361
::1 - - [19/Oct/2018:20:17:05 +0200] "GET /phpmyadmin/tbl_structure.php?db=cinesfinalv1&table=pelicula&token=d377f479a27800b27b63fb52c3ffd0ef&ajax_request=true&ajax_page_request=true&menuHashes=451e2870-ca84142e-7dd8a397&_nocache=1539973025218201841 HTTP/1.1" 200 56680
::1 - - [19/Oct/2018:20:17:05 +0200] "GET /phpmyadmin/index.php?ajax_request=1&recent_table=1&token=d377f479a27800b27b63fb52c3ffd0ef HTTP/1.1" 200 361
::1 - - [19/Oct/2018:20:17:07 +0200] "GET /phpmyadmin/db_structure.php?db=cinesfinalv1&token=d377f479a27800b27b63fb52c3ffd0ef&ajax_request=true&ajax_page_request=true&menuHashes=451e2870-ca84142e-7dd8a397-4af2c6ac&_nocache=1539973027267832906 HTTP/1.1" 200 18402
::1 - - [19/Oct/2018:20:17:09 +0200] "GET /phpmyadmin/sql.php?db=cinesfinalv1&token=d377f479a27800b27b63fb52c3ffd0ef&goto=db_structure.php&table=sala&pos=0&ajax_request=true&ajax_page_request=true&menuHashes=451e2870-ca84142e-7dd8a397-4af2c6ac&_nocache=1539973029721254264 HTTP/1.1" 200 20587
::1 - - [19/Oct/2018:20:17:09 +0200] "GET /phpmyadmin/index.php?ajax_request=1&recent_table=1&token=d377f479a27800b27b63fb52c3ffd0ef HTTP/1.1" 200 487
::1 - - [19/Oct/2018:20:17:15 +0200] "GET /phpmyadmin/sql.php?db=cinesfinalv1&table=sala&sql_query=DELETE+FROM+%60cinesfinalv1%60.%60sala%60+WHERE+%60sala%60.%60ID_SALA%60+%3D+1&message_to_show=La+fila+se+ha+borrado&goto=sql.php%3Fdb%3Dcinesfinalv1%26table%3Dsala%26sql_query%3DSELECT%2B%252A%2BFROM%2B%2560sala%2560%26message_to_show%3DLa%2Bfila%2Bse%2Bha%2Bborrado%26goto%3Dtbl_sql.php%26token%3Dd377f479a27800b27b63fb52c3ffd0ef&token=d377f479a27800b27b63fb52c3ffd0ef&ajax_request=true&is_js_confirmed=true&_nocache=1539973035134771232 HTTP/1.1" 200 2610
::1 - - [19/Oct/2018:20:17:17 +0200] "GET /phpmyadmin/db_structure.php?db=cinesfinalv1&token=d377f479a27800b27b63fb52c3ffd0ef&ajax_request=true&ajax_page_request=true&menuHashes=451e2870-ca84142e-7dd8a397-4af2c6ac-244da413&_nocache=1539973037506897523 HTTP/1.1" 200 18402
::1 - - [19/Oct/2018:20:17:21 +0200] "GET /phpmyadmin/db_sql.php?db=cinesfinalv1&token=d377f479a27800b27b63fb52c3ffd0ef&db_query_force=1&ajax_request=true&ajax_page_request=true&menuHashes=451e2870-ca84142e-7dd8a397-4af2c6ac-244da413&_nocache=1539973041241888547 HTTP/1.1" 200 7285
::1 - - [19/Oct/2018:20:17:35 +0200] "POST /phpmyadmin/import.php HTTP/1.1" 200 7383
::1 - - [19/Oct/2018:20:17:41 +0200] "GET /phpmyadmin/db_structure.php?db=cinesfinalv1&token=d377f479a27800b27b63fb52c3ffd0ef&ajax_request=true&ajax_page_request=true&menuHashes=451e2870-ca84142e-7dd8a397-4af2c6ac-244da413-7c34e5ce&_nocache=1539973061617893131 HTTP/1.1" 200 18398
::1 - - [19/Oct/2018:20:17:43 +0200] "GET /phpmyadmin/sql.php?db=cinesfinalv1&token=d377f479a27800b27b63fb52c3ffd0ef&goto=db_structure.php&table=empleado&pos=0&ajax_request=true&ajax_page_request=true&menuHashes=451e2870-ca84142e-7dd8a397-4af2c6ac-244da413-7c34e5ce&_nocache=1539973063361175831 HTTP/1.1" 200 30332
::1 - - [19/Oct/2018:20:17:43 +0200] "GET /phpmyadmin/index.php?ajax_request=1&recent_table=1&token=d377f479a27800b27b63fb52c3ffd0ef HTTP/1.1" 200 487
::1 - - [19/Oct/2018:20:17:57 +0200] "GET /phpmyadmin/db_structure.php?db=cinesfinalv1&token=d377f479a27800b27b63fb52c3ffd0ef&ajax_request=true&ajax_page_request=true&menuHashes=451e2870-ca84142e-7dd8a397-4af2c6ac-244da413-7c34e5ce&_nocache=1539973077450269244 HTTP/1.1" 200 18398
::1 - - [19/Oct/2018:20:17:58 +0200] "GET /phpmyadmin/sql.php?db=cinesfinalv1&token=d377f479a27800b27b63fb52c3ffd0ef&goto=db_structure.php&table=pelicula&pos=0&ajax_request=true&ajax_page_request=true&menuHashes=451e2870-ca84142e-7dd8a397-4af2c6ac-244da413-7c34e5ce&_nocache=1539973078978510332 HTTP/1.1" 200 30215
::1 - - [19/Oct/2018:20:17:59 +0200] "GET /phpmyadmin/index.php?ajax_request=1&recent_table=1&token=d377f479a27800b27b63fb52c3ffd0ef HTTP/1.1" 200 487
::1 - - [19/Oct/2018:20:18:04 +0200] "GET /phpmyadmin/sql.php?db=cinesfinalv1&table=pelicula&token=d377f479a27800b27b63fb52c3ffd0ef&pos=0&ajax_request=true&ajax_page_request=true&menuHashes=451e2870-ca84142e-7dd8a397-4af2c6ac-244da413-7c34e5ce&_nocache=1539973084937471920 HTTP/1.1" 200 30215
::1 - - [19/Oct/2018:20:18:05 +0200] "GET /phpmyadmin/index.php?ajax_request=1&recent_table=1&token=d377f479a27800b27b63fb52c3ffd0ef HTTP/1.1" 200 487
::1 - - [19/Oct/2018:20:18:06 +0200] "GET /phpmyadmin/tbl_structure.php?db=cinesfinalv1&table=pelicula&token=d377f479a27800b27b63fb52c3ffd0ef&ajax_request=true&ajax_page_request=true&menuHashes=451e2870-ca84142e-7dd8a397-4af2c6ac-244da413-7c34e5ce&_nocache=1539973086002401549 HTTP/1.1" 200 53536
::1 - - [19/Oct/2018:20:18:06 +0200] "GET /phpmyadmin/index.php?ajax_request=1&recent_table=1&token=d377f479a27800b27b63fb52c3ffd0ef HTTP/1.1" 200 487
::1 - - [19/Oct/2018:20:18:07 +0200] "GET /phpmyadmin/db_structure.php?db=cinesfinalv1&token=d377f479a27800b27b63fb52c3ffd0ef&ajax_request=true&ajax_page_request=true&menuHashes=451e2870-ca84142e-7dd8a397-4af2c6ac-244da413-7c34e5ce&_nocache=1539973087762740826 HTTP/1.1" 200 18398
::1 - - [19/Oct/2018:20:18:15 +0200] "GET /phpmyadmin/sql.php?db=cinesfinalv1&token=d377f479a27800b27b63fb52c3ffd0ef&goto=db_structure.php&table=sala&pos=0&ajax_request=true&ajax_page_request=true&menuHashes=451e2870-ca84142e-7dd8a397-4af2c6ac-244da413-7c34e5ce&_nocache=1539973095907782038 HTTP/1.1" 200 29431
::1 - - [19/Oct/2018:20:18:16 +0200] "GET /phpmyadmin/index.php?ajax_request=1&recent_table=1&token=d377f479a27800b27b63fb52c3ffd0ef HTTP/1.1" 200 487
