2018-09-28 20:49:07 11892 [Note] Plugin 'FEDERATED' is disabled.
2018-09-28 20:49:07 11892 [Note] InnoDB: The InnoDB memory heap is disabled
2018-09-28 20:49:07 11892 [Note] InnoDB: Mutexes and rw_locks use Windows interlocked functions
2018-09-28 20:49:07 11892 [Note] InnoDB: Compressed tables use zlib 1.2.3
2018-09-28 20:49:07 11892 [Note] InnoDB: Not using CPU crc32 instructions
2018-09-28 20:49:07 11892 [Note] InnoDB: Initializing buffer pool, size = 128.0M
2018-09-28 20:49:07 11892 [Note] InnoDB: Completed initialization of buffer pool
2018-09-28 20:49:07 11892 [Note] InnoDB: Highest supported file format is Barracuda.
2018-09-28 20:49:07 11892 [Note] InnoDB: The log sequence numbers 1626134 and 1626134 in ibdata files do not match the log sequence number 2142110 in the ib_logfiles!
2018-09-28 20:49:07 11892 [Note] InnoDB: Database was not shutdown normally!
2018-09-28 20:49:07 11892 [Note] InnoDB: Starting crash recovery.
2018-09-28 20:49:07 11892 [Note] InnoDB: Reading tablespace information from the .ibd files...
2018-09-28 20:49:07 11892 [Note] InnoDB: Restoring possible half-written data pages 
2018-09-28 20:49:07 11892 [Note] InnoDB: from the doublewrite buffer...
2018-09-28 20:49:07 11892 [Note] InnoDB: 128 rollback segment(s) are active.
2018-09-28 20:49:07 11892 [Note] InnoDB: Waiting for purge to start
2018-09-28 20:49:07 11892 [Note] InnoDB: 5.6.13 started; log sequence number 2142110
2018-09-28 20:49:07 11892 [Note] Server hostname (bind-address): '*'; port: 3312
2018-09-28 20:49:07 11892 [Note] IPv6 is available.
2018-09-28 20:49:07 11892 [Note]   - '::' resolves to '::';
2018-09-28 20:49:07 11892 [Note] Server socket created on IP: '::'.
2018-10-01 10:57:01 14508 [Note] Plugin 'FEDERATED' is disabled.
2018-10-01 10:57:01 14508 [Note] InnoDB: The InnoDB memory heap is disabled
2018-10-01 10:57:01 14508 [Note] InnoDB: Mutexes and rw_locks use Windows interlocked functions
2018-10-01 10:57:01 14508 [Note] InnoDB: Compressed tables use zlib 1.2.3
2018-10-01 10:57:01 14508 [Note] InnoDB: Not using CPU crc32 instructions
2018-10-01 10:57:01 14508 [Note] InnoDB: Initializing buffer pool, size = 128.0M
2018-10-01 10:57:01 14508 [Note] InnoDB: Completed initialization of buffer pool
2018-10-01 10:57:01 14508 [Note] InnoDB: Highest supported file format is Barracuda.
2018-10-01 10:57:01 14508 [Note] InnoDB: The log sequence numbers 1626134 and 1626134 in ibdata files do not match the log sequence number 2142120 in the ib_logfiles!
2018-10-01 10:57:01 14508 [Note] InnoDB: Database was not shutdown normally!
2018-10-01 10:57:01 14508 [Note] InnoDB: Starting crash recovery.
2018-10-01 10:57:01 14508 [Note] InnoDB: Reading tablespace information from the .ibd files...
2018-10-01 10:57:01 14508 [Note] InnoDB: Restoring possible half-written data pages 
2018-10-01 10:57:01 14508 [Note] InnoDB: from the doublewrite buffer...
2018-10-01 10:57:01 14508 [Note] InnoDB: 128 rollback segment(s) are active.
2018-10-01 10:57:01 14508 [Note] InnoDB: Waiting for purge to start
2018-10-01 10:57:01 14508 [Note] InnoDB: 5.6.13 started; log sequence number 2142120
2018-10-01 10:57:02 14508 [Note] Server hostname (bind-address): '*'; port: 3312
2018-10-01 10:57:02 14508 [Note] IPv6 is available.
2018-10-01 10:57:02 14508 [Note]   - '::' resolves to '::';
2018-10-01 10:57:02 14508 [Note] Server socket created on IP: '::'.
2018-10-18 13:56:39 8912 [Note] Plugin 'FEDERATED' is disabled.
2018-10-18 13:56:39 8912 [Note] InnoDB: The InnoDB memory heap is disabled
2018-10-18 13:56:39 8912 [Note] InnoDB: Mutexes and rw_locks use Windows interlocked functions
2018-10-18 13:56:39 8912 [Note] InnoDB: Compressed tables use zlib 1.2.3
2018-10-18 13:56:39 8912 [Note] InnoDB: Not using CPU crc32 instructions
2018-10-18 13:56:39 8912 [Note] InnoDB: Initializing buffer pool, size = 128.0M
2018-10-18 13:56:39 8912 [Note] InnoDB: Completed initialization of buffer pool
2018-10-18 13:56:39 8912 [Note] InnoDB: Highest supported file format is Barracuda.
2018-10-18 13:56:39 8912 [Note] InnoDB: The log sequence numbers 1626134 and 1626134 in ibdata files do not match the log sequence number 2142130 in the ib_logfiles!
2018-10-18 13:56:39 8912 [Note] InnoDB: Database was not shutdown normally!
2018-10-18 13:56:39 8912 [Note] InnoDB: Starting crash recovery.
2018-10-18 13:56:39 8912 [Note] InnoDB: Reading tablespace information from the .ibd files...
2018-10-18 13:56:39 8912 [Note] InnoDB: Restoring possible half-written data pages 
2018-10-18 13:56:39 8912 [Note] InnoDB: from the doublewrite buffer...
2018-10-18 13:56:39 8912 [Note] InnoDB: 128 rollback segment(s) are active.
2018-10-18 13:56:39 8912 [Note] InnoDB: Waiting for purge to start
2018-10-18 13:56:39 8912 [Note] InnoDB: 5.6.13 started; log sequence number 2142130
2018-10-18 13:56:39 8912 [Note] Server hostname (bind-address): '*'; port: 3312
2018-10-18 13:56:39 8912 [Note] IPv6 is available.
2018-10-18 13:56:39 8912 [Note]   - '::' resolves to '::';
2018-10-18 13:56:39 8912 [Note] Server socket created on IP: '::'.
2018-10-18 18:47:02 5588 [Note] Plugin 'FEDERATED' is disabled.
2018-10-18 18:47:02 5588 [Note] InnoDB: The InnoDB memory heap is disabled
2018-10-18 18:47:02 5588 [Note] InnoDB: Mutexes and rw_locks use Windows interlocked functions
2018-10-18 18:47:02 5588 [Note] InnoDB: Compressed tables use zlib 1.2.3
2018-10-18 18:47:02 5588 [Note] InnoDB: Not using CPU crc32 instructions
2018-10-18 18:47:02 5588 [Note] InnoDB: Initializing buffer pool, size = 128.0M
2018-10-18 18:47:02 5588 [Note] InnoDB: Completed initialization of buffer pool
2018-10-18 18:47:02 5588 [Note] InnoDB: Highest supported file format is Barracuda.
2018-10-18 18:47:02 5588 [Note] InnoDB: The log sequence numbers 1626134 and 1626134 in ibdata files do not match the log sequence number 2243366 in the ib_logfiles!
2018-10-18 18:47:02 5588 [Note] InnoDB: Database was not shutdown normally!
2018-10-18 18:47:02 5588 [Note] InnoDB: Starting crash recovery.
2018-10-18 18:47:02 5588 [Note] InnoDB: Reading tablespace information from the .ibd files...
2018-10-18 18:47:02 5588 [Note] InnoDB: Restoring possible half-written data pages 
2018-10-18 18:47:02 5588 [Note] InnoDB: from the doublewrite buffer...
2018-10-18 18:47:02 5588 [Note] InnoDB: 128 rollback segment(s) are active.
2018-10-18 18:47:02 5588 [Note] InnoDB: Waiting for purge to start
2018-10-18 18:47:02 5588 [Note] InnoDB: 5.6.13 started; log sequence number 2243366
2018-10-18 18:47:02 5588 [Note] Server hostname (bind-address): '*'; port: 3312
2018-10-18 18:47:02 5588 [Note] IPv6 is available.
2018-10-18 18:47:02 5588 [Note]   - '::' resolves to '::';
2018-10-18 18:47:02 5588 [Note] Server socket created on IP: '::'.
2018-10-18 20:48:28 17968 [Note] Plugin 'FEDERATED' is disabled.
2018-10-18 20:48:28 17968 [Note] InnoDB: The InnoDB memory heap is disabled
2018-10-18 20:48:28 17968 [Note] InnoDB: Mutexes and rw_locks use Windows interlocked functions
2018-10-18 20:48:28 17968 [Note] InnoDB: Compressed tables use zlib 1.2.3
2018-10-18 20:48:28 17968 [Note] InnoDB: Not using CPU crc32 instructions
2018-10-18 20:48:28 17968 [Note] InnoDB: Initializing buffer pool, size = 128.0M
2018-10-18 20:48:28 17968 [Note] InnoDB: Completed initialization of buffer pool
2018-10-18 20:48:28 17968 [Note] InnoDB: Highest supported file format is Barracuda.
2018-10-18 20:48:28 17968 [Note] InnoDB: The log sequence numbers 1626134 and 1626134 in ibdata files do not match the log sequence number 2400331 in the ib_logfiles!
2018-10-18 20:48:28 17968 [Note] InnoDB: Database was not shutdown normally!
2018-10-18 20:48:28 17968 [Note] InnoDB: Starting crash recovery.
2018-10-18 20:48:28 17968 [Note] InnoDB: Reading tablespace information from the .ibd files...
2018-10-18 20:48:28 17968 [Note] InnoDB: Restoring possible half-written data pages 
2018-10-18 20:48:28 17968 [Note] InnoDB: from the doublewrite buffer...
2018-10-18 20:48:28 17968 [Note] InnoDB: 128 rollback segment(s) are active.
2018-10-18 20:48:28 17968 [Note] InnoDB: Waiting for purge to start
2018-10-18 20:48:28 17968 [Note] InnoDB: 5.6.13 started; log sequence number 2400331
2018-10-18 20:48:28 17968 [Note] Server hostname (bind-address): '*'; port: 3312
2018-10-18 20:48:28 17968 [Note] IPv6 is available.
2018-10-18 20:48:28 17968 [Note]   - '::' resolves to '::';
2018-10-18 20:48:28 17968 [Note] Server socket created on IP: '::'.
2018-10-18 21:23:27 4160 [Note] Plugin 'FEDERATED' is disabled.
2018-10-18 21:23:27 4160 [Note] InnoDB: The InnoDB memory heap is disabled
2018-10-18 21:23:27 4160 [Note] InnoDB: Mutexes and rw_locks use Windows interlocked functions
2018-10-18 21:23:27 4160 [Note] InnoDB: Compressed tables use zlib 1.2.3
2018-10-18 21:23:27 4160 [Note] InnoDB: Not using CPU crc32 instructions
2018-10-18 21:23:27 4160 [Note] InnoDB: Initializing buffer pool, size = 128.0M
2018-10-18 21:23:27 4160 [Note] InnoDB: Completed initialization of buffer pool
2018-10-18 21:23:27 4160 [Note] InnoDB: Highest supported file format is Barracuda.
2018-10-18 21:23:27 4160 [Note] InnoDB: The log sequence numbers 1626134 and 1626134 in ibdata files do not match the log sequence number 2400800 in the ib_logfiles!
2018-10-18 21:23:27 4160 [Note] InnoDB: Database was not shutdown normally!
2018-10-18 21:23:27 4160 [Note] InnoDB: Starting crash recovery.
2018-10-18 21:23:27 4160 [Note] InnoDB: Reading tablespace information from the .ibd files...
2018-10-18 21:23:27 4160 [Note] InnoDB: Restoring possible half-written data pages 
2018-10-18 21:23:27 4160 [Note] InnoDB: from the doublewrite buffer...
2018-10-18 21:23:27 4160 [Note] InnoDB: 128 rollback segment(s) are active.
2018-10-18 21:23:27 4160 [Note] InnoDB: Waiting for purge to start
2018-10-18 21:23:27 4160 [Note] InnoDB: 5.6.13 started; log sequence number 2400800
2018-10-18 21:23:27 4160 [Note] Server hostname (bind-address): '*'; port: 3312
2018-10-18 21:23:27 4160 [Note] IPv6 is available.
2018-10-18 21:23:27 4160 [Note]   - '::' resolves to '::';
2018-10-18 21:23:27 4160 [Note] Server socket created on IP: '::'.
